<?xml version="1.0" encoding="UTF-8"?>
<!-- Generated by org.testng.reporters.JUnitXMLReporter -->
<testsuite hostname="HP-HOME" ignored="0" name="Default test" tests="3" failures="0" timestamp="11 Jul 2017 05:32:57 GMT" time="6.911" errors="0">
  <testcase name="AfterTest" time="2.32" classname="TestNG.TestNGAssertions"/>
  <testcase name="getTitle" time="0.02" classname="TestNG.TestNGAssertions"/>
  <testcase name="testEquality" time="0.002" classname="TestNG.TestNGAssertions"/>
</testsuite> <!-- Default test -->
