<?xml version="1.0" encoding="UTF-8"?>
<!-- Generated by org.testng.reporters.JUnitXMLReporter -->
<testsuite hostname="DESKTOP-LHF90BD" ignored="4" name="Test Grouping" tests="6" failures="0" timestamp="06 Jul 2017 06:32:34 GMT" time="0.031" errors="0">
  <testcase name="f1" time="0.007" classname="TestNG.TestGrouping"/>
  <testcase name="f4" time="0.0" classname="TestNG.TestGrouping"/>
  <testcase name="f6" time="0.001" classname="TestNG.TestGrouping"/>
  <testcase name="m2" time="0.001" classname="TestNG.TestGroupingNew"/>
  <testcase name="m3" time="0.001" classname="TestNG.TestGroupingNew"/>
  <testcase name="m4" time="0.001" classname="TestNG.TestGroupingNew"/>
  <testcase name="m1" time="0.0" classname="TestNG.TestGroupingNew">
    <ignored/>
  </testcase> <!-- m1 -->
  <testcase name="f3" time="0.0" classname="TestNG.TestGrouping">
    <ignored/>
  </testcase> <!-- f3 -->
  <testcase name="f2" time="0.0" classname="TestNG.TestGrouping">
    <ignored/>
  </testcase> <!-- f2 -->
  <testcase name="f5" time="0.0" classname="TestNG.TestGrouping">
    <ignored/>
  </testcase> <!-- f5 -->
</testsuite> <!-- Test Grouping -->
