<?xml version="1.0" encoding="UTF-8"?>
<!-- Generated by org.testng.reporters.JUnitXMLReporter -->
<testsuite hostname="HP-HOME" ignored="0" name="Test Assertion" tests="3" failures="0" timestamp="11 Jul 2017 05:45:01 GMT" time="4.64" errors="0">
  <testcase name="AfterTest" time="0.001" classname="TestNG.TestNGAssertions"/>
  <testcase name="getTitle" time="0.005" classname="TestNG.TestNGAssertions"/>
  <testcase name="testEquality" time="0.0" classname="TestNG.TestNGAssertions"/>
</testsuite> <!-- Test Assertion -->
