<?xml version="1.0" encoding="UTF-8"?>
<testng-results skipped="0" failed="0" ignored="0" total="1" passed="1">
  <reporter-output>
  </reporter-output>
  <suite name="Suite" duration-ms="17" started-at="2017-06-22T07:35:25Z" finished-at="2017-06-22T07:35:25Z">
    <groups>
    </groups>
    <test name="Test" duration-ms="17" started-at="2017-06-22T07:35:25Z" finished-at="2017-06-22T07:35:25Z">
      <class name="com.example.tests.FirstTestNG">
        <test-method status="PASS" signature="firstTestNG()[pri:0, instance:com.example.tests.FirstTestNG@2669b199]" name="firstTestNG" duration-ms="5" started-at="2017-06-22T00:35:25Z" finished-at="2017-06-22T00:35:25Z">
          <reporter-output>
          </reporter-output>
        </test-method> <!-- firstTestNG -->
      </class> <!-- com.example.tests.FirstTestNG -->
    </test> <!-- Test -->
  </suite> <!-- Suite -->
</testng-results>
