<?xml version="1.0" encoding="UTF-8"?>
<testng-results skipped="0" failed="0" ignored="0" total="3" passed="3">
  <reporter-output>
  </reporter-output>
  <suite name="Default suite" duration-ms="6911" started-at="2017-07-11T05:32:51Z" finished-at="2017-07-11T05:32:57Z">
    <groups>
    </groups>
    <test name="Default test" duration-ms="6911" started-at="2017-07-11T05:32:51Z" finished-at="2017-07-11T05:32:57Z">
      <class name="TestNG.TestNGAssertions">
        <test-method status="PASS" signature="openBrowser()[pri:0, instance:TestNG.TestNGAssertions@50c87b21]" name="openBrowser" is-config="true" duration-ms="4556" started-at="2017-07-10T22:32:51Z" finished-at="2017-07-10T22:32:55Z">
          <reporter-output>
          </reporter-output>
        </test-method> <!-- openBrowser -->
        <test-method status="PASS" signature="AfterTest()[pri:0, instance:TestNG.TestNGAssertions@50c87b21]" name="AfterTest" duration-ms="2320" started-at="2017-07-10T22:32:55Z" finished-at="2017-07-10T22:32:57Z">
          <reporter-output>
          </reporter-output>
        </test-method> <!-- AfterTest -->
        <test-method status="PASS" signature="getTitle()[pri:0, instance:TestNG.TestNGAssertions@50c87b21]" name="getTitle" duration-ms="20" started-at="2017-07-10T22:32:57Z" finished-at="2017-07-10T22:32:57Z">
          <reporter-output>
          </reporter-output>
        </test-method> <!-- getTitle -->
        <test-method status="PASS" signature="testEquality()[pri:0, instance:TestNG.TestNGAssertions@50c87b21]" name="testEquality" duration-ms="2" started-at="2017-07-10T22:32:57Z" finished-at="2017-07-10T22:32:57Z">
          <reporter-output>
          </reporter-output>
        </test-method> <!-- testEquality -->
      </class> <!-- TestNG.TestNGAssertions -->
    </test> <!-- Default test -->
  </suite> <!-- Default suite -->
</testng-results>
